2020/09/07 09:35:28 [warning] [application] Failed to set unsafe attribute "image" of "Project".
in C:\wamp64\www\yii1\kickstarter\protected\controllers\ProjectController.php (116)
in C:\wamp64\www\yii1\kickstarter\index.php (13)
2020/09/07 09:35:28 [error] [php] move_uploaded_file(..\img\img38.jpg): failed to open stream: No such file or directory (C:\wamp64\www\yii1\yii\framework\web\CUploadedFile.php:201)
Stack trace:
#0 C:\wamp64\www\yii1\yii\framework\web\actions\CInlineAction.php(49): ProjectController->actionCreate()
#1 C:\wamp64\www\yii1\yii\framework\web\CController.php(308): CInlineAction->runWithParams()
#2 C:\wamp64\www\yii1\yii\framework\web\filters\CFilterChain.php(134): ProjectController->runAction()
#3 C:\wamp64\www\yii1\yii\framework\web\filters\CFilter.php(40): CFilterChain->run()
#4 C:\wamp64\www\yii1\yii\framework\web\CController.php(1148): CAccessControlFilter->filter()
#5 C:\wamp64\www\yii1\yii\framework\web\filters\CInlineFilter.php(58): ProjectController->filterAccessControl()
#6 C:\wamp64\www\yii1\yii\framework\web\filters\CFilterChain.php(131): CInlineFilter->filter()
#7 C:\wamp64\www\yii1\yii\framework\web\CController.php(291): CFilterChain->run()
#8 C:\wamp64\www\yii1\yii\framework\web\CController.php(265): ProjectController->runActionWithFilters()
#9 C:\wamp64\www\yii1\yii\framework\web\CWebApplication.php(282): ProjectController->run()
#10 C:\wamp64\www\yii1\yii\framework\web\CWebApplication.php(141): CWebApplication->runController()
#11 C:\wamp64\www\yii1\yii\framework\base\CApplication.php(185): CWebApplication->processRequest()
#12 C:\wamp64\www\yii1\kickstarter\index.php(13): CWebApplication->run()
REQUEST_URI=/yii1/kickstarter/index.php?r=project/create
in C:\wamp64\www\yii1\kickstarter\protected\controllers\ProjectController.php (119)
in C:\wamp64\www\yii1\kickstarter\index.php (13)
2020/09/07 09:35:36 [warning] [application] Failed to set unsafe attribute "image" of "Project".
in C:\wamp64\www\yii1\kickstarter\protected\controllers\ProjectController.php (116)
in C:\wamp64\www\yii1\kickstarter\index.php (13)
2020/09/07 09:35:36 [error] [php] move_uploaded_file(img\img39.jpg): failed to open stream: No such file or directory (C:\wamp64\www\yii1\yii\framework\web\CUploadedFile.php:201)
Stack trace:
#0 C:\wamp64\www\yii1\yii\framework\web\actions\CInlineAction.php(49): ProjectController->actionCreate()
#1 C:\wamp64\www\yii1\yii\framework\web\CController.php(308): CInlineAction->runWithParams()
#2 C:\wamp64\www\yii1\yii\framework\web\filters\CFilterChain.php(134): ProjectController->runAction()
#3 C:\wamp64\www\yii1\yii\framework\web\filters\CFilter.php(40): CFilterChain->run()
#4 C:\wamp64\www\yii1\yii\framework\web\CController.php(1148): CAccessControlFilter->filter()
#5 C:\wamp64\www\yii1\yii\framework\web\filters\CInlineFilter.php(58): ProjectController->filterAccessControl()
#6 C:\wamp64\www\yii1\yii\framework\web\filters\CFilterChain.php(131): CInlineFilter->filter()
#7 C:\wamp64\www\yii1\yii\framework\web\CController.php(291): CFilterChain->run()
#8 C:\wamp64\www\yii1\yii\framework\web\CController.php(265): ProjectController->runActionWithFilters()
#9 C:\wamp64\www\yii1\yii\framework\web\CWebApplication.php(282): ProjectController->run()
#10 C:\wamp64\www\yii1\yii\framework\web\CWebApplication.php(141): CWebApplication->runController()
#11 C:\wamp64\www\yii1\yii\framework\base\CApplication.php(185): CWebApplication->processRequest()
#12 C:\wamp64\www\yii1\kickstarter\index.php(13): CWebApplication->run()
REQUEST_URI=/yii1/kickstarter/index.php?r=project/create
in C:\wamp64\www\yii1\kickstarter\protected\controllers\ProjectController.php (119)
in C:\wamp64\www\yii1\kickstarter\index.php (13)
2020/09/07 09:35:55 [warning] [application] Failed to set unsafe attribute "image" of "Project".
in C:\wamp64\www\yii1\kickstarter\protected\controllers\ProjectController.php (116)
in C:\wamp64\www\yii1\kickstarter\index.php (13)
2020/09/07 09:47:49 [warning] [application] Failed to set unsafe attribute "image" of "Project".
in C:\wamp64\www\yii1\kickstarter\protected\controllers\ProjectController.php (116)
in C:\wamp64\www\yii1\kickstarter\index.php (13)
2020/09/07 09:56:40 [warning] [application] Failed to set unsafe attribute "image" of "Project".
in C:\wamp64\www\yii1\kickstarter\protected\controllers\ProjectController.php (116)
in C:\wamp64\www\yii1\kickstarter\index.php (13)
2020/09/07 10:08:32 [warning] [application] Failed to set unsafe attribute "image" of "Project".
in C:\wamp64\www\yii1\kickstarter\protected\controllers\ProjectController.php (116)
in C:\wamp64\www\yii1\kickstarter\index.php (13)
2020/09/07 10:13:48 [warning] [application] Failed to set unsafe attribute "image" of "Project".
in C:\wamp64\www\yii1\kickstarter\protected\controllers\ProjectController.php (116)
in C:\wamp64\www\yii1\kickstarter\index.php (13)
2020/09/07 10:15:57 [warning] [application] Failed to set unsafe attribute "image" of "Project".
in C:\wamp64\www\yii1\kickstarter\protected\controllers\ProjectController.php (116)
in C:\wamp64\www\yii1\kickstarter\index.php (13)
2020/09/07 10:25:43 [error] [exception.ParseError] ParseError: syntax error, unexpected '\' (T_NS_SEPARATOR), expecting ')' in C:\wamp64\www\yii1\kickstarter\protected\views\project\_view.php:8
Stack trace:
#0 C:\wamp64\www\yii1\yii\framework\web\CBaseController.php(95): CBaseController->renderInternal('C:\\wamp64\\www\\y...', Array, false)
#1 C:\wamp64\www\yii1\yii\framework\zii\widgets\CListView.php(291): CBaseController->renderFile('C:\\wamp64\\www\\y...', Array)
#2 C:\wamp64\www\yii1\yii\framework\zii\widgets\CBaseListView.php(181): CListView->renderItems()
#3 [internal function]: CBaseListView->renderSection(Array)
#4 C:\wamp64\www\yii1\yii\framework\zii\widgets\CBaseListView.php(164): preg_replace_callback('/{(\\w+)}/', Array, '{summary}\n{sort...')
#5 C:\wamp64\www\yii1\yii\framework\zii\widgets\CBaseListView.php(149): CBaseListView->renderContent()
#6 C:\wamp64\www\yii1\yii\framework\web\CBaseController.php(182): CBaseListView->run()
#7 C:\wamp64\www\yii1\kickstarter\protected\views\project\indexGames.php(19): CBaseController->widget('zii.widgets.CLi...', Array)
#8 C:\wamp64\www\yii1\yii\framework\web\CBaseController.php(126): require('C:\\wamp64\\www\\y...')
#9 C:\wamp64\www\yii1\yii\framework\web\CBaseController.php(95): CBaseController->renderInternal('C:\\wamp64\\www\\y...', Array, true)
#10 C:\wamp64\www\yii1\yii\framework\web\CController.php(872): CBaseController->renderFile('C:\\wamp64\\www\\y...', Array, true)
#11 C:\wamp64\www\yii1\yii\framework\web\CController.php(785): CController->renderPartial('indexGames', Array, true)
#12 C:\wamp64\www\yii1\kickstarter\protected\controllers\ProjectController.php(182): CController->render('indexGames', Array)
#13 C:\wamp64\www\yii1\yii\framework\web\actions\CInlineAction.php(49): ProjectController->actionIndexGames()
#14 C:\wamp64\www\yii1\yii\framework\web\CController.php(308): CInlineAction->runWithParams(Array)
#15 C:\wamp64\www\yii1\yii\framework\web\filters\CFilterChain.php(134): CController->runAction(Object(CInlineAction))
#16 C:\wamp64\www\yii1\yii\framework\web\filters\CFilter.php(40): CFilterChain->run()
#17 C:\wamp64\www\yii1\yii\framework\web\CController.php(1148): CFilter->filter(Object(CFilterChain))
#18 C:\wamp64\www\yii1\yii\framework\web\filters\CInlineFilter.php(58): CController->filterAccessControl(Object(CFilterChain))
#19 C:\wamp64\www\yii1\yii\framework\web\filters\CFilterChain.php(131): CInlineFilter->filter(Object(CFilterChain))
#20 C:\wamp64\www\yii1\yii\framework\web\CController.php(291): CFilterChain->run()
#21 C:\wamp64\www\yii1\yii\framework\web\CController.php(265): CController->runActionWithFilters(Object(CInlineAction), Array)
#22 C:\wamp64\www\yii1\yii\framework\web\CWebApplication.php(282): CController->run('indexGames')
#23 C:\wamp64\www\yii1\yii\framework\web\CWebApplication.php(141): CWebApplication->runController('project/indexGa...')
#24 C:\wamp64\www\yii1\yii\framework\base\CApplication.php(185): CWebApplication->processRequest()
#25 C:\wamp64\www\yii1\kickstarter\index.php(13): CApplication->run()
#26 {main}
REQUEST_URI=/yii1/kickstarter/index.php?r=project/indexGames
HTTP_REFERER=http://localhost/yii1/kickstarter/index.php?r=project/view&id=45
---
2020/09/07 10:33:42 [warning] [application] Failed to set unsafe attribute "image" of "Project".
in C:\wamp64\www\yii1\kickstarter\protected\controllers\ProjectController.php (116)
in C:\wamp64\www\yii1\kickstarter\index.php (13)
2020/09/07 10:37:13 [warning] [application] Failed to set unsafe attribute "image" of "Project".
in C:\wamp64\www\yii1\kickstarter\protected\controllers\ProjectController.php (116)
in C:\wamp64\www\yii1\kickstarter\index.php (13)
2020/09/07 10:39:58 [warning] [application] Failed to set unsafe attribute "image" of "Project".
in C:\wamp64\www\yii1\kickstarter\protected\controllers\ProjectController.php (116)
in C:\wamp64\www\yii1\kickstarter\index.php (13)
2020/09/07 10:46:18 [warning] [application] Failed to set unsafe attribute "image" of "Project".
in C:\wamp64\www\yii1\kickstarter\protected\controllers\ProjectController.php (116)
in C:\wamp64\www\yii1\kickstarter\index.php (13)
2020/09/07 10:51:58 [warning] [application] Failed to set unsafe attribute "image" of "Project".
in C:\wamp64\www\yii1\kickstarter\protected\controllers\ProjectController.php (116)
in C:\wamp64\www\yii1\kickstarter\index.php (13)
2020/09/07 11:03:39 [warning] [application] Failed to set unsafe attribute "image" of "Project".
in C:\wamp64\www\yii1\kickstarter\protected\controllers\ProjectController.php (116)
in C:\wamp64\www\yii1\kickstarter\index.php (13)
2020/09/07 11:04:55 [warning] [application] Failed to set unsafe attribute "image" of "Project".
in C:\wamp64\www\yii1\kickstarter\protected\controllers\ProjectController.php (116)
in C:\wamp64\www\yii1\kickstarter\index.php (13)
2020/09/07 11:07:22 [warning] [application] Failed to set unsafe attribute "image" of "Project".
in C:\wamp64\www\yii1\kickstarter\protected\controllers\ProjectController.php (116)
in C:\wamp64\www\yii1\kickstarter\index.php (13)
2020/09/07 11:08:08 [warning] [application] Failed to set unsafe attribute "image" of "Project".
in C:\wamp64\www\yii1\kickstarter\protected\controllers\ProjectController.php (116)
in C:\wamp64\www\yii1\kickstarter\index.php (13)
2020/09/07 13:19:30 [error] [php] Cannot modify header information - headers already sent by (output started at C:\wamp64\www\yii1\kickstarter\protected\models\User.php:2) (C:\wamp64\www\yii1\yii\framework\web\CHttpRequest.php:890)
Stack trace:
#0 C:\wamp64\www\yii1\kickstarter\protected\controllers\UserController.php(74): UserController->redirect()
#1 C:\wamp64\www\yii1\yii\framework\web\actions\CInlineAction.php(49): UserController->actionCreate()
#2 C:\wamp64\www\yii1\yii\framework\web\CController.php(308): CInlineAction->runWithParams()
#3 C:\wamp64\www\yii1\yii\framework\web\filters\CFilterChain.php(134): UserController->runAction()
#4 C:\wamp64\www\yii1\yii\framework\web\filters\CFilter.php(40): CFilterChain->run()
#5 C:\wamp64\www\yii1\yii\framework\web\CController.php(1148): CAccessControlFilter->filter()
#6 C:\wamp64\www\yii1\yii\framework\web\filters\CInlineFilter.php(58): UserController->filterAccessControl()
#7 C:\wamp64\www\yii1\yii\framework\web\filters\CFilterChain.php(131): CInlineFilter->filter()
#8 C:\wamp64\www\yii1\yii\framework\web\CController.php(291): CFilterChain->run()
#9 C:\wamp64\www\yii1\yii\framework\web\CController.php(265): UserController->runActionWithFilters()
#10 C:\wamp64\www\yii1\yii\framework\web\CWebApplication.php(282): UserController->run()
#11 C:\wamp64\www\yii1\yii\framework\web\CWebApplication.php(141): CWebApplication->runController()
#12 C:\wamp64\www\yii1\yii\framework\base\CApplication.php(185): CWebApplication->processRequest()
#13 C:\wamp64\www\yii1\kickstarter\index.php(13): CWebApplication->run()
REQUEST_URI=/yii1/kickstarter/index.php?r=user/create
in C:\wamp64\www\yii1\kickstarter\protected\controllers\UserController.php (74)
in C:\wamp64\www\yii1\kickstarter\index.php (13)
2020/09/07 13:19:49 [error] [php] Cannot modify header information - headers already sent by (output started at C:\wamp64\www\yii1\kickstarter\protected\models\User.php:2) (C:\wamp64\www\yii1\yii\framework\web\CHttpRequest.php:890)
Stack trace:
#0 C:\wamp64\www\yii1\kickstarter\protected\controllers\UserController.php(74): UserController->redirect()
#1 C:\wamp64\www\yii1\yii\framework\web\actions\CInlineAction.php(49): UserController->actionCreate()
#2 C:\wamp64\www\yii1\yii\framework\web\CController.php(308): CInlineAction->runWithParams()
#3 C:\wamp64\www\yii1\yii\framework\web\filters\CFilterChain.php(134): UserController->runAction()
#4 C:\wamp64\www\yii1\yii\framework\web\filters\CFilter.php(40): CFilterChain->run()
#5 C:\wamp64\www\yii1\yii\framework\web\CController.php(1148): CAccessControlFilter->filter()
#6 C:\wamp64\www\yii1\yii\framework\web\filters\CInlineFilter.php(58): UserController->filterAccessControl()
#7 C:\wamp64\www\yii1\yii\framework\web\filters\CFilterChain.php(131): CInlineFilter->filter()
#8 C:\wamp64\www\yii1\yii\framework\web\CController.php(291): CFilterChain->run()
#9 C:\wamp64\www\yii1\yii\framework\web\CController.php(265): UserController->runActionWithFilters()
#10 C:\wamp64\www\yii1\yii\framework\web\CWebApplication.php(282): UserController->run()
#11 C:\wamp64\www\yii1\yii\framework\web\CWebApplication.php(141): CWebApplication->runController()
#12 C:\wamp64\www\yii1\yii\framework\base\CApplication.php(185): CWebApplication->processRequest()
#13 C:\wamp64\www\yii1\kickstarter\index.php(13): CWebApplication->run()
REQUEST_URI=/yii1/kickstarter/index.php?r=user/create
in C:\wamp64\www\yii1\kickstarter\protected\controllers\UserController.php (74)
in C:\wamp64\www\yii1\kickstarter\index.php (13)
2020/09/07 13:55:22 [warning] [application] Failed to set unsafe attribute "image" of "Project".
in C:\wamp64\www\yii1\kickstarter\protected\controllers\ProjectController.php (144)
in C:\wamp64\www\yii1\kickstarter\index.php (13)
2020/09/07 14:18:37 [error] [system.db.CDbCommand] CDbCommand::fetchColumn() failed: SQLSTATE[42S22]: Column not found: 1054 Unknown column 'author' in 'where clause'. The SQL statement executed was: SELECT COUNT(*) FROM `tbl_project` `t` WHERE author=5.
in C:\wamp64\www\yii1\kickstarter\protected\views\project\indexMovies.php (19)
in C:\wamp64\www\yii1\kickstarter\protected\controllers\ProjectController.php (203)
in C:\wamp64\www\yii1\kickstarter\index.php (13)
2020/09/07 14:18:37 [error] [exception.CDbException] CDbException: CDbCommand failed to execute the SQL statement: SQLSTATE[42S22]: Column not found: 1054 Unknown column 'author' in 'where clause'. The SQL statement executed was: SELECT COUNT(*) FROM `tbl_project` `t` WHERE author=5 in C:\wamp64\www\yii1\yii\framework\db\CDbCommand.php:543
Stack trace:
#0 C:\wamp64\www\yii1\yii\framework\db\CDbCommand.php(433): CDbCommand->queryInternal('fetchColumn', 0, Array)
#1 C:\wamp64\www\yii1\yii\framework\db\ar\CActiveRecord.php(1609): CDbCommand->queryScalar()
#2 C:\wamp64\www\yii1\yii\framework\web\CActiveDataProvider.php(228): CActiveRecord->count(Object(CDbCriteria))
#3 C:\wamp64\www\yii1\yii\framework\web\CDataProvider.php(224): CActiveDataProvider->calculateTotalItemCount()
#4 C:\wamp64\www\yii1\yii\framework\web\CActiveDataProvider.php(178): CDataProvider->getTotalItemCount()
#5 C:\wamp64\www\yii1\yii\framework\web\CDataProvider.php(168): CActiveDataProvider->fetchData()
#6 C:\wamp64\www\yii1\yii\framework\zii\widgets\CBaseListView.php(125): CDataProvider->getData()
#7 C:\wamp64\www\yii1\yii\framework\zii\widgets\CListView.php(211): CBaseListView->init()
#8 C:\wamp64\www\yii1\yii\framework\web\CBaseController.php(147): CListView->init()
#9 C:\wamp64\www\yii1\yii\framework\web\CBaseController.php(181): CBaseController->createWidget('zii.widgets.CLi...', Array)
#10 C:\wamp64\www\yii1\kickstarter\protected\views\project\indexMovies.php(19): CBaseController->widget('zii.widgets.CLi...', Array)
#11 C:\wamp64\www\yii1\yii\framework\web\CBaseController.php(126): require('C:\\wamp64\\www\\y...')
#12 C:\wamp64\www\yii1\yii\framework\web\CBaseController.php(95): CBaseController->renderInternal('C:\\wamp64\\www\\y...', Array, true)
#13 C:\wamp64\www\yii1\yii\framework\web\CController.php(872): CBaseController->renderFile('C:\\wamp64\\www\\y...', Array, true)
#14 C:\wamp64\www\yii1\yii\framework\web\CController.php(785): CController->renderPartial('indexMovies', Array, true)
#15 C:\wamp64\www\yii1\kickstarter\protected\controllers\ProjectController.php(203): CController->render('indexMovies', Array)
#16 C:\wamp64\www\yii1\yii\framework\web\actions\CInlineAction.php(49): ProjectController->actionUserProjects()
#17 C:\wamp64\www\yii1\yii\framework\web\CController.php(308): CInlineAction->runWithParams(Array)
#18 C:\wamp64\www\yii1\yii\framework\web\filters\CFilterChain.php(134): CController->runAction(Object(CInlineAction))
#19 C:\wamp64\www\yii1\yii\framework\web\filters\CFilter.php(40): CFilterChain->run()
#20 C:\wamp64\www\yii1\yii\framework\web\CController.php(1148): CFilter->filter(Object(CFilterChain))
#21 C:\wamp64\www\yii1\yii\framework\web\filters\CInlineFilter.php(58): CController->filterAccessControl(Object(CFilterChain))
#22 C:\wamp64\www\yii1\yii\framework\web\filters\CFilterChain.php(131): CInlineFilter->filter(Object(CFilterChain))
#23 C:\wamp64\www\yii1\yii\framework\web\CController.php(291): CFilterChain->run()
#24 C:\wamp64\www\yii1\yii\framework\web\CController.php(265): CController->runActionWithFilters(Object(CInlineAction), Array)
#25 C:\wamp64\www\yii1\yii\framework\web\CWebApplication.php(282): CController->run('UserProjects')
#26 C:\wamp64\www\yii1\yii\framework\web\CWebApplication.php(141): CWebApplication->runController('project/UserPro...')
#27 C:\wamp64\www\yii1\yii\framework\base\CApplication.php(185): CWebApplication->processRequest()
#28 C:\wamp64\www\yii1\kickstarter\index.php(13): CApplication->run()
#29 {main}
REQUEST_URI=/yii1/kickstarter/index.php?r=project/UserProjects
---
2020/09/07 15:59:33 [error] [exception.CHttpException.404] CHttpException: Unable to resolve the request "index". in C:\wamp64\www\yii1\yii\framework\web\CWebApplication.php:286
Stack trace:
#0 C:\wamp64\www\yii1\yii\framework\web\CWebApplication.php(141): CWebApplication->runController('index')
#1 C:\wamp64\www\yii1\yii\framework\base\CApplication.php(185): CWebApplication->processRequest()
#2 C:\wamp64\www\yii1\kickstarter\index.php(13): CApplication->run()
#3 {main}
REQUEST_URI=/yii1/kickstarter/index.php?r=index
---
2020/09/07 17:43:02 [warning] [application] Failed to set unsafe attribute "image" of "Project".
in C:\wamp64\www\yii1\kickstarter\protected\controllers\ProjectController.php (116)
in C:\wamp64\www\yii1\kickstarter\index.php (13)
2020/09/07 17:43:20 [warning] [application] Failed to set unsafe attribute "image" of "Project".
in C:\wamp64\www\yii1\kickstarter\protected\controllers\ProjectController.php (116)
in C:\wamp64\www\yii1\kickstarter\index.php (13)
2020/09/18 09:11:27 [error] [exception.CDbException] CDbException: CDbConnection failed to open the DB connection: SQLSTATE[HY000] [1045] Access denied for user 'root'@'localhost' (using password: NO) in C:\wamp64\www\yii1\yii\framework\db\CDbConnection.php:399
Stack trace:
#0 C:\wamp64\www\yii1\yii\framework\db\CDbConnection.php(347): CDbConnection->open()
#1 C:\wamp64\www\yii1\yii\framework\db\CDbConnection.php(325): CDbConnection->setActive(true)
#2 C:\wamp64\www\yii1\yii\framework\base\CModule.php(394): CDbConnection->init()
#3 C:\wamp64\www\yii1\yii\framework\base\CApplication.php(458): CModule->getComponent('db')
#4 C:\wamp64\www\yii1\yii\framework\db\ar\CActiveRecord.php(637): CApplication->getDb()
#5 C:\wamp64\www\yii1\yii\framework\db\ar\CActiveRecord.php(670): CActiveRecord->getDbConnection()
#6 C:\wamp64\www\yii1\yii\framework\db\ar\CActiveRecord.php(1601): CActiveRecord->getCommandBuilder()
#7 C:\wamp64\www\yii1\yii\framework\web\CActiveDataProvider.php(228): CActiveRecord->count(Object(CDbCriteria))
#8 C:\wamp64\www\yii1\yii\framework\web\CDataProvider.php(224): CActiveDataProvider->calculateTotalItemCount()
#9 C:\wamp64\www\yii1\yii\framework\web\CActiveDataProvider.php(178): CDataProvider->getTotalItemCount()
#10 C:\wamp64\www\yii1\yii\framework\web\CDataProvider.php(168): CActiveDataProvider->fetchData()
#11 C:\wamp64\www\yii1\yii\framework\zii\widgets\CBaseListView.php(125): CDataProvider->getData()
#12 C:\wamp64\www\yii1\yii\framework\zii\widgets\CListView.php(211): CBaseListView->init()
#13 C:\wamp64\www\yii1\yii\framework\web\CBaseController.php(147): CListView->init()
#14 C:\wamp64\www\yii1\yii\framework\web\CBaseController.php(180): CBaseController->createWidget('zii.widgets.CLi...', Array)
#15 C:\wamp64\www\yii1\kickstarter\protected\views\project\index.php(20): CBaseController->widget('zii.widgets.CLi...', Array)
#16 C:\wamp64\www\yii1\yii\framework\web\CBaseController.php(126): require('C:\\wamp64\\www\\y...')
#17 C:\wamp64\www\yii1\yii\framework\web\CBaseController.php(95): CBaseController->renderInternal('C:\\wamp64\\www\\y...', Array, true)
#18 C:\wamp64\www\yii1\yii\framework\web\CController.php(869): CBaseController->renderFile('C:\\wamp64\\www\\y...', Array, true)
#19 C:\wamp64\www\yii1\yii\framework\web\CController.php(782): CController->renderPartial('index', Array, true)
#20 C:\wamp64\www\yii1\kickstarter\protected\controllers\ProjectController.php(175): CController->render('index', Array)
#21 C:\wamp64\www\yii1\yii\framework\web\actions\CInlineAction.php(49): ProjectController->actionIndex()
#22 C:\wamp64\www\yii1\yii\framework\web\CController.php(308): CInlineAction->runWithParams(Array)
#23 C:\wamp64\www\yii1\yii\framework\web\filters\CFilterChain.php(133): CController->runAction(Object(CInlineAction))
#24 C:\wamp64\www\yii1\yii\framework\web\filters\CFilter.php(40): CFilterChain->run()
#25 C:\wamp64\www\yii1\yii\framework\web\CController.php(1145): CFilter->filter(Object(CFilterChain))
#26 C:\wamp64\www\yii1\yii\framework\web\filters\CInlineFilter.php(58): CController->filterAccessControl(Object(CFilterChain))
#27 C:\wamp64\www\yii1\yii\framework\web\filters\CFilterChain.php(130): CInlineFilter->filter(Object(CFilterChain))
#28 C:\wamp64\www\yii1\yii\framework\web\CController.php(291): CFilterChain->run()
#29 C:\wamp64\www\yii1\yii\framework\web\CController.php(265): CController->runActionWithFilters(Object(CInlineAction), Array)
#30 C:\wamp64\www\yii1\yii\framework\web\CWebApplication.php(282): CController->run('index')
#31 C:\wamp64\www\yii1\yii\framework\web\CWebApplication.php(141): CWebApplication->runController('project/index')
#32 C:\wamp64\www\yii1\yii\framework\base\CApplication.php(184): CWebApplication->processRequest()
#33 C:\wamp64\www\yii1\kickstarter\index.php(13): CApplication->run()
#34 {main}
REQUEST_URI=/yii1/kickstarter/index.php?r=project/index
HTTP_REFERER=http://localhost/yii1/kickstarter/index.php
---
2020/09/18 09:13:41 [error] [exception.CDbException] CDbException: CDbConnection failed to open the DB connection: SQLSTATE[HY000] [1049] Unknown database 'asd' in C:\wamp64\www\yii1\yii\framework\db\CDbConnection.php:399
Stack trace:
#0 C:\wamp64\www\yii1\yii\framework\db\CDbConnection.php(347): CDbConnection->open()
#1 C:\wamp64\www\yii1\yii\framework\db\CDbConnection.php(325): CDbConnection->setActive(true)
#2 C:\wamp64\www\yii1\yii\framework\base\CModule.php(394): CDbConnection->init()
#3 C:\wamp64\www\yii1\yii\framework\base\CApplication.php(458): CModule->getComponent('db')
#4 C:\wamp64\www\yii1\yii\framework\db\ar\CActiveRecord.php(637): CApplication->getDb()
#5 C:\wamp64\www\yii1\yii\framework\db\ar\CActiveRecord.php(670): CActiveRecord->getDbConnection()
#6 C:\wamp64\www\yii1\yii\framework\db\ar\CActiveRecord.php(1601): CActiveRecord->getCommandBuilder()
#7 C:\wamp64\www\yii1\yii\framework\web\CActiveDataProvider.php(228): CActiveRecord->count(Object(CDbCriteria))
#8 C:\wamp64\www\yii1\yii\framework\web\CDataProvider.php(224): CActiveDataProvider->calculateTotalItemCount()
#9 C:\wamp64\www\yii1\yii\framework\web\CActiveDataProvider.php(178): CDataProvider->getTotalItemCount()
#10 C:\wamp64\www\yii1\yii\framework\web\CDataProvider.php(168): CActiveDataProvider->fetchData()
#11 C:\wamp64\www\yii1\yii\framework\zii\widgets\CBaseListView.php(125): CDataProvider->getData()
#12 C:\wamp64\www\yii1\yii\framework\zii\widgets\CListView.php(211): CBaseListView->init()
#13 C:\wamp64\www\yii1\yii\framework\web\CBaseController.php(147): CListView->init()
#14 C:\wamp64\www\yii1\yii\framework\web\CBaseController.php(180): CBaseController->createWidget('zii.widgets.CLi...', Array)
#15 C:\wamp64\www\yii1\kickstarter\protected\views\project\index.php(20): CBaseController->widget('zii.widgets.CLi...', Array)
#16 C:\wamp64\www\yii1\yii\framework\web\CBaseController.php(126): require('C:\\wamp64\\www\\y...')
#17 C:\wamp64\www\yii1\yii\framework\web\CBaseController.php(95): CBaseController->renderInternal('C:\\wamp64\\www\\y...', Array, true)
#18 C:\wamp64\www\yii1\yii\framework\web\CController.php(869): CBaseController->renderFile('C:\\wamp64\\www\\y...', Array, true)
#19 C:\wamp64\www\yii1\yii\framework\web\CController.php(782): CController->renderPartial('index', Array, true)
#20 C:\wamp64\www\yii1\kickstarter\protected\controllers\ProjectController.php(175): CController->render('index', Array)
#21 C:\wamp64\www\yii1\yii\framework\web\actions\CInlineAction.php(49): ProjectController->actionIndex()
#22 C:\wamp64\www\yii1\yii\framework\web\CController.php(308): CInlineAction->runWithParams(Array)
#23 C:\wamp64\www\yii1\yii\framework\web\filters\CFilterChain.php(133): CController->runAction(Object(CInlineAction))
#24 C:\wamp64\www\yii1\yii\framework\web\filters\CFilter.php(40): CFilterChain->run()
#25 C:\wamp64\www\yii1\yii\framework\web\CController.php(1145): CFilter->filter(Object(CFilterChain))
#26 C:\wamp64\www\yii1\yii\framework\web\filters\CInlineFilter.php(58): CController->filterAccessControl(Object(CFilterChain))
#27 C:\wamp64\www\yii1\yii\framework\web\filters\CFilterChain.php(130): CInlineFilter->filter(Object(CFilterChain))
#28 C:\wamp64\www\yii1\yii\framework\web\CController.php(291): CFilterChain->run()
#29 C:\wamp64\www\yii1\yii\framework\web\CController.php(265): CController->runActionWithFilters(Object(CInlineAction), Array)
#30 C:\wamp64\www\yii1\yii\framework\web\CWebApplication.php(282): CController->run('index')
#31 C:\wamp64\www\yii1\yii\framework\web\CWebApplication.php(141): CWebApplication->runController('project/index')
#32 C:\wamp64\www\yii1\yii\framework\base\CApplication.php(184): CWebApplication->processRequest()
#33 C:\wamp64\www\yii1\kickstarter\index.php(13): CApplication->run()
#34 {main}
REQUEST_URI=/yii1/kickstarter/index.php?r=project/index
---
